20230113:10:22:25.586 [main] INFO  接收到客户端发送消息：RpcRequest(requestId=22222, interfaceName=null, method=null)
20230113:10:23:35.918 [main] INFO  接收到客户端发送消息：RpcRequest(requestId=22222, interfaceName=null, method=null)
20230113:10:23:35.927 [main] INFO  返回给客户端消息:RpcResponse(code=200, msg=OK, data=MsgDo(content=null, title=null, name=服务端返回ID为22222的msgDo))
20230113:10:43:51.945 [Thread-1] INFO  接收到客户端发送消息：RpcRequest(requestId=22222, interfaceName=null, method=null)
20230113:10:43:51.953 [Thread-1] INFO  返回给客户端消息:RpcResponse(code=200, msg=OK, data=MsgDo(content=null, title=null, name=服务端返回ID为22222的msgDo))
20230113:10:48:13.446 [Thread-4] INFO  接收到客户端发送消息：RpcRequest(requestId=22222, interfaceName=null, method=null)
20230113:10:48:13.447 [Thread-4] INFO  返回给客户端消息:RpcResponse(code=200, msg=OK, data=MsgDo(content=null, title=null, name=服务端返回ID为22222的msgDo))
20230113:10:49:31.344 [Thread-5] INFO  接收到客户端发送消息：RpcRequest(requestId=22222, interfaceName=null, method=null)
20230113:10:49:31.344 [Thread-5] INFO  返回给客户端消息:RpcResponse(code=200, msg=OK, data=MsgDo(content=null, title=null, name=服务端返回ID为22222的msgDo))
20230113:10:50:55.386 [Thread-6] INFO  接收到客户端发送消息：RpcRequest(requestId=22222, interfaceName=null, method=null)
20230113:10:50:55.386 [Thread-6] INFO  返回给客户端消息:RpcResponse(code=200, msg=OK, data=MsgDo(content=null, title=null, name=服务端返回ID为22222的msgDo))
20230113:10:51:15.155 [Thread-7] INFO  接收到客户端发送消息：RpcRequest(requestId=22222, interfaceName=null, method=null)
20230113:10:51:15.156 [Thread-7] INFO  返回给客户端消息:RpcResponse(code=200, msg=OK, data=MsgDo(content=null, title=null, name=服务端返回ID为22222的msgDo))
20230113:10:51:15.236 [main] INFO  接收到服务端返回值:RpcResponse(code=200, msg=OK, data={content=null, title=null, name=服务端返回ID为22222的msgDo})
20230113:11:02:32.833 [Thread-0] INFO  接收到客户端发送消息：RpcRequest(requestId=22222, interfaceName=null, methodName=null, params=null, paramsTypes=null)
20230113:11:02:32.840 [Thread-0] INFO  返回给客户端消息:RpcResponse(code=200, msg=OK, data=MsgDo(content=null, title=null, name=服务端返回ID为22222的msgDo))
20230113:11:02:32.847 [main] INFO  接收到服务端返回值:null
20230113:11:20:27.658 [Thread-1] INFO  接收到客户端发送消息：RpcRequest(requestId=22222, interfaceName=null, methodName=null, params=null, paramsTypes=null)
20230113:11:20:27.659 [Thread-1] INFO  返回给客户端消息:RpcResponse(code=200, msg=OK, data=MsgDo(content=null, title=null, name=服务端返回ID为22222的msgDo))
20230113:11:20:27.677 [main] INFO  接收到服务端返回值:null
20230113:11:21:24.072 [Thread-0] INFO  接收到客户端发送消息：RpcRequest(requestId=22222, interfaceName=null, methodName=null, params=null, paramsTypes=null)
20230113:11:21:24.079 [Thread-0] INFO  返回给客户端消息:RpcResponse(code=200, msg=OK, data=MsgDo(content=null, title=null, name=服务端返回ID为22222的msgDo))
20230113:11:21:24.195 [main] INFO  接收到服务端返回值:RpcResponse(code=200, msg=OK, data={content=null, title=null, name=服务端返回ID为22222的msgDo})
20230113:11:21:42.527 [Thread-1] INFO  接收到客户端发送消息：RpcRequest(requestId=22222, interfaceName=null, methodName=null, params=null, paramsTypes=null)
20230113:11:21:42.528 [Thread-1] INFO  返回给客户端消息:RpcResponse(code=200, msg=OK, data=MsgDo(content=null, title=null, name=服务端返回ID为22222的msgDo))
20230113:11:21:42.617 [main] INFO  接收到服务端返回值:RpcResponse(code=200, msg=OK, data={content=null, title=null, name=服务端返回ID为22222的msgDo})
20230113:11:32:13.626 [Thread-0] INFO  接收到客户端发送消息：null
20230113:11:35:17.035 [Thread-1] INFO  接收到客户端发送消息：RpcRequest(requestId=null, interfaceName=com.luckhsin.service.MsgService, methodName=getMsgById, params=[demo], paramsTypes=[class java.lang.String])
20230113:11:35:34.378 [Thread-2] INFO  接收到客户端发送消息：RpcRequest(requestId=null, interfaceName=com.luckhsin.service.MsgService, methodName=getMsgById, params=[demo], paramsTypes=[class java.lang.String])
20230113:11:35:59.586 [Thread-0] INFO  接收到客户端发送消息：RpcRequest(requestId=null, interfaceName=com.luckhsin.service.MsgService, methodName=getMsgById, params=[demo], paramsTypes=[class java.lang.String])
20230113:11:40:30.752 [Thread-0] INFO  接收到客户端发送消息：RpcRequest(requestId=null, interfaceName=com.luckhsin.service.MsgService, methodName=getMsgById, params=[demo], paramsTypes=[class java.lang.String])
20230113:11:41:03.938 [Thread-0] INFO  接收到客户端发送消息：RpcRequest(requestId=null, interfaceName=com.luckhsin.service.MsgService, methodName=getMsgById, params=[demo], paramsTypes=[class java.lang.String])
20230113:11:41:03.944 [Thread-0] INFO  返回给客户端消息:RpcResponse(code=200, msg=OK, data=MsgDo(content=null, title=null, name=服务端返回ID为demo的msgDo))
20230113:11:41:26.361 [Thread-1] INFO  接收到客户端发送消息：RpcRequest(requestId=null, interfaceName=com.luckhsin.service.MsgService, methodName=getMsgById, params=[demo], paramsTypes=[class java.lang.String])
20230113:11:41:26.361 [Thread-1] INFO  返回给客户端消息:RpcResponse(code=200, msg=OK, data=MsgDo(content=null, title=null, name=服务端返回ID为demo的msgDo))
